OpenROAD 41a51eaf4ca2171c92ff38afb91eb37bbd3f36da 
This program is licensed under the BSD-3 license. See the LICENSE file for details.
Components of this program may be licensed under more restrictive licenses which must be honored.
[INFO ODB-0222] Reading LEF file: /openlane/designs/picorv32a/runs/hd_run/tmp/merged.min.lef
[INFO ODB-0223]     Created 14 technology layers
[INFO ODB-0224]     Created 25 technology vias
[INFO ODB-0225]     Created 441 library cells
[INFO ODB-0226] Finished LEF file:  /openlane/designs/picorv32a/runs/hd_run/tmp/merged.min.lef
[INFO ODB-0127] Reading DEF file: /openlane/designs/picorv32a/runs/hd_run/results/routing/picorv32.def
[INFO ODB-0128] Design: picorv32
[INFO ODB-0130]     Created 411 pins.
[INFO ODB-0131]     Created 48716 components and 230129 component-terminals.
[INFO ODB-0132]     Created 2 special nets and 187454 connections.
[INFO ODB-0133]     Created 11145 nets and 42569 connections.
[INFO ODB-0134] Finished DEF file: /openlane/designs/picorv32a/runs/hd_run/results/routing/picorv32.def
define_corners Typical
read_liberty -corner Typical /home/avinash/.ciel/ciel/sky130/versions/0fe599b2afb6708d281543108caf8310912f54af/sky130A/libs.ref/sky130_fd_sc_hd/lib/sky130_fd_sc_hd__tt_025C_1v80.lib
Using 1e-12 for capacitance...
Using 1e+03 for resistance...
Using 1e-09 for time...
Using 1e+00 for voltage...
Using 1e-03 for current...
Using 1e-09 for power...
Using 1e-06 for distance...
Using RCX ruleset '/home/avinash/.ciel/ciel/sky130/versions/0fe599b2afb6708d281543108caf8310912f54af/sky130A/libs.tech/openlane/rules.openrcx.sky130A.min.calibre'...
[INFO RCX-0431] Defined process_corner X with ext_model_index 0
[INFO RCX-0029] Defined extraction corner X
[INFO RCX-0008] extracting parasitics of picorv32 ...
[INFO RCX-0435] Reading extraction model file /home/avinash/.ciel/ciel/sky130/versions/0fe599b2afb6708d281543108caf8310912f54af/sky130A/libs.tech/openlane/rules.openrcx.sky130A.min.calibre ...
[INFO RCX-0436] RC segment generation picorv32 (max_merge_res 50.0) ...
[INFO RCX-0040] Final 55001 rc segments
[INFO RCX-0439] Coupling Cap extraction picorv32 ...
[INFO RCX-0440] Coupling threshhold is 0.1000 fF, coupling capacitance less than 0.1000 fF will be grounded.
[INFO RCX-0043] 119857 wires to be extracted
[INFO RCX-0442] 50% completion -- 60880 wires have been extracted
[INFO RCX-0442] 100% completion -- 119857 wires have been extracted
[INFO RCX-0045] Extract 11145 nets, 66078 rsegs, 66078 caps, 147554 ccs
[INFO RCX-0015] Finished extracting picorv32.
Writing result to /openlane/designs/picorv32a/runs/hd_run/results/routing/mca/process_corner_min/picorv32.spef...
Setting global connections for newly added cells…
[WARNING] Did not save OpenROAD database!
Writing extracted parasitics to '/openlane/designs/picorv32a/runs/hd_run/results/routing/mca/process_corner_min/picorv32.spef'…
[INFO RCX-0016] Writing SPEF ...
[INFO RCX-0443] 11145 nets finished
[INFO RCX-0017] Finished writing SPEF ...
