OpenROAD 41a51eaf4ca2171c92ff38afb91eb37bbd3f36da 
This program is licensed under the BSD-3 license. See the LICENSE file for details.
Components of this program may be licensed under more restrictive licenses which must be honored.
[INFO]: Reading ODB at '/openlane/designs/picorv32a/runs/hd_run/results/routing/picorv32.odb'…
define_corners Typical
read_liberty -corner Typical /home/avinash/.ciel/ciel/sky130/versions/0fe599b2afb6708d281543108caf8310912f54af/sky130A/libs.ref/sky130_fd_sc_hd/lib/sky130_fd_sc_hd__tt_025C_1v80.lib
Using 1e-12 for capacitance...
Using 1e+03 for resistance...
Using 1e-09 for time...
Using 1e+00 for voltage...
Using 1e-03 for current...
Using 1e-09 for power...
Using 1e-06 for distance...
Reading design constraints file at '/openlane/designs/picorv32a/runs/hd_run/tmp/17-picorv32.sdc'…
Net: cpuregs\[12\]\[16\]
  Pin: _12435_/A0 (sky130_fd_sc_hd__mux2_1)
    Layer: met2
      Partial area ratio:    2.82
      Required ratio:    0.00 (Gate area) 
      Partial area ratio:   15.41
      Required ratio: 2771.60 (Side area) 
      Cumulative area ratio:   96.49
      Required ratio:    0.00 (Cumulative area) 
      Cumulative area ratio:  492.30
      Required ratio:    0.00 (Cumulative side area) 

    Layer: met1
      Partial area ratio:   93.67
      Required ratio:    0.00 (Gate area) 
      Partial area ratio:  476.89
      Required ratio:  400.00 (Side area) (VIOLATED)
      Cumulative area ratio:   93.67
      Required ratio:    0.00 (Cumulative area) 
      Cumulative area ratio:  476.89
      Required ratio:    0.00 (Cumulative side area) 

    Layer: li1
      Partial area ratio:    0.00
      Required ratio:    0.00 (Gate area) 
      Partial area ratio:    0.00
      Required ratio:   75.00 (Side area) 
      Cumulative area ratio:    0.00
      Required ratio:    0.00 (Cumulative area) 
      Cumulative area ratio:    0.00
      Required ratio:    0.00 (Cumulative side area) 

    Via: M1M2_PR
      Partial area ratio:    0.36
      Required ratio:    6.00 (Gate area) 
      Cumulative area ratio:    0.59
      Required ratio:    0.00 (Cumulative area) 

    Via: L1M1_PR
      Partial area ratio:    0.23
      Required ratio:    3.00 (Gate area) 
      Cumulative area ratio:    0.23
      Required ratio:    0.00 (Cumulative area) 

  Pin: _15283_/A0 (sky130_fd_sc_hd__mux4_1)
    Layer: met2
      Partial area ratio:    2.82
      Required ratio:    0.00 (Gate area) 
      Partial area ratio:   15.41
      Required ratio: 2771.60 (Side area) 
      Cumulative area ratio:  105.22
      Required ratio:    0.00 (Cumulative area) 
      Cumulative area ratio:  537.52
      Required ratio:    0.00 (Cumulative side area) 

    Layer: met1
      Partial area ratio:    8.73
      Required ratio:    0.00 (Gate area) 
      Partial area ratio:   45.22
      Required ratio:  400.00 (Side area) 
      Cumulative area ratio:    8.73
      Required ratio:    0.00 (Cumulative area) 
      Cumulative area ratio:   45.22
      Required ratio:    0.00 (Cumulative side area) 

    Layer: li1
      Partial area ratio:    0.00
      Required ratio:    0.00 (Gate area) 
      Partial area ratio:    0.00
      Required ratio:   75.00 (Side area) 
      Cumulative area ratio:    0.00
      Required ratio:    0.00 (Cumulative area) 
      Cumulative area ratio:    0.00
      Required ratio:    0.00 (Cumulative side area) 

    Via: M1M2_PR
      Partial area ratio:    0.18
      Required ratio:    6.00 (Gate area) 
      Cumulative area ratio:    0.41
      Required ratio:    0.00 (Cumulative area) 

    Via: L1M1_PR
      Partial area ratio:    0.23
      Required ratio:    3.00 (Gate area) 
      Cumulative area ratio:    0.23
      Required ratio:    0.00 (Cumulative area) 

  Pin: _11843_/A0 (sky130_fd_sc_hd__mux2_1)
    Layer: met2
      Partial area ratio:    2.82
      Required ratio:    0.00 (Gate area) 
      Partial area ratio:   15.41
      Required ratio: 2771.60 (Side area) 
      Cumulative area ratio:   97.16
      Required ratio:    0.00 (Cumulative area) 
      Cumulative area ratio:  496.41
      Required ratio:    0.00 (Cumulative side area) 

    Layer: met1
      Partial area ratio:    0.67
      Required ratio:    0.00 (Gate area) 
      Partial area ratio:    4.11
      Required ratio:  400.00 (Side area) 
      Cumulative area ratio:    0.67
      Required ratio:    0.00 (Cumulative area) 
      Cumulative area ratio:    4.11
      Required ratio:    0.00 (Cumulative side area) 

    Layer: li1
      Partial area ratio:    0.00
      Required ratio:    0.00 (Gate area) 
      Partial area ratio:    0.00
      Required ratio:   75.00 (Side area) 
      Cumulative area ratio:    0.00
      Required ratio:    0.00 (Cumulative area) 
      Cumulative area ratio:    0.00
      Required ratio:    0.00 (Cumulative side area) 

    Via: M1M2_PR
      Partial area ratio:    0.18
      Required ratio:    6.00 (Gate area) 
      Cumulative area ratio:    0.41
      Required ratio:    0.00 (Cumulative area) 

    Via: L1M1_PR
      Partial area ratio:    0.23
      Required ratio:    3.00 (Gate area) 
      Cumulative area ratio:    0.23
      Required ratio:    0.00 (Cumulative area) 


Net: cpuregs\[18\]\[23\]
  Pin: _12114_/A2 (sky130_fd_sc_hd__mux4_1)
    Layer: met2
      Partial area ratio:    4.13
      Required ratio:    0.00 (Gate area) 
      Partial area ratio:   21.19
      Required ratio: 2771.60 (Side area) 
      Cumulative area ratio:   86.32
      Required ratio:    0.00 (Cumulative area) 
      Cumulative area ratio:  440.69
      Required ratio:    0.00 (Cumulative side area) 

    Layer: met1
      Partial area ratio:    0.41
      Required ratio:    0.00 (Gate area) 
      Partial area ratio:    2.83
      Required ratio:  400.00 (Side area) 
      Cumulative area ratio:    0.41
      Required ratio:    0.00 (Cumulative area) 
      Cumulative area ratio:    2.83
      Required ratio:    0.00 (Cumulative side area) 

    Layer: li1
      Partial area ratio:    0.00
      Required ratio:    0.00 (Gate area) 
      Partial area ratio:    0.00
      Required ratio:   75.00 (Side area) 
      Cumulative area ratio:    0.00
      Required ratio:    0.00 (Cumulative area) 
      Cumulative area ratio:    0.00
      Required ratio:    0.00 (Cumulative side area) 

    Via: M1M2_PR
      Partial area ratio:    0.18
      Required ratio:    6.00 (Gate area) 
      Cumulative area ratio:    0.41
      Required ratio:    0.00 (Cumulative area) 

    Via: L1M1_PR
      Partial area ratio:    0.23
      Required ratio:    3.00 (Gate area) 
      Cumulative area ratio:    0.23
      Required ratio:    0.00 (Cumulative area) 

  Pin: _15568_/A2 (sky130_fd_sc_hd__mux4_1)
    Layer: met2
      Partial area ratio:    4.13
      Required ratio:    0.00 (Gate area) 
      Partial area ratio:   21.19
      Required ratio: 2771.60 (Side area) 
      Cumulative area ratio:   85.91
      Required ratio:    0.00 (Cumulative area) 
      Cumulative area ratio:  437.85
      Required ratio:    0.00 (Cumulative side area) 

    Layer: met1
      Partial area ratio:   81.78
      Required ratio:    0.00 (Gate area) 
      Partial area ratio:  416.67
      Required ratio:  400.00 (Side area) (VIOLATED)
      Cumulative area ratio:   81.78
      Required ratio:    0.00 (Cumulative area) 
      Cumulative area ratio:  416.67
      Required ratio:    0.00 (Cumulative side area) 

    Layer: li1
      Partial area ratio:    0.00
      Required ratio:    0.00 (Gate area) 
      Partial area ratio:    0.00
      Required ratio:   75.00 (Side area) 
      Cumulative area ratio:    0.00
      Required ratio:    0.00 (Cumulative area) 
      Cumulative area ratio:    0.00
      Required ratio:    0.00 (Cumulative side area) 

    Via: M1M2_PR
      Partial area ratio:    0.36
      Required ratio:    6.00 (Gate area) 
      Cumulative area ratio:    0.59
      Required ratio:    0.00 (Cumulative area) 

    Via: L1M1_PR
      Partial area ratio:    0.23
      Required ratio:    3.00 (Gate area) 
      Cumulative area ratio:    0.23
      Required ratio:    0.00 (Cumulative area) 

  Pin: _16505_/A1 (sky130_fd_sc_hd__mux2_1)
    Layer: met1
      Partial area ratio:    5.53
      Required ratio:    0.00 (Gate area) 
      Partial area ratio:   29.22
      Required ratio: 2771.60 (Side area) 
      Cumulative area ratio:    5.53
      Required ratio:    0.00 (Cumulative area) 
      Cumulative area ratio:   29.22
      Required ratio:    0.00 (Cumulative side area) 

    Layer: met2
      Partial area ratio:    4.13
      Required ratio:    0.00 (Gate area) 
      Partial area ratio:   21.19
      Required ratio: 2771.60 (Side area) 
      Cumulative area ratio:    9.67
      Required ratio:    0.00 (Cumulative area) 
      Cumulative area ratio:   50.41
      Required ratio:    0.00 (Cumulative side area) 

    Layer: li1
      Partial area ratio:    0.00
      Required ratio:    0.00 (Gate area) 
      Partial area ratio:    0.00
      Required ratio:   75.00 (Side area) 
      Cumulative area ratio:    0.00
      Required ratio:    0.00 (Cumulative area) 
      Cumulative area ratio:    0.00
      Required ratio:    0.00 (Cumulative side area) 

    Via: M1M2_PR
      Partial area ratio:    0.18
      Required ratio:    6.00 (Gate area) 
      Cumulative area ratio:    0.41
      Required ratio:    0.00 (Cumulative area) 

    Via: L1M1_PR
      Partial area ratio:    0.23
      Required ratio:    3.00 (Gate area) 
      Cumulative area ratio:    0.23
      Required ratio:    0.00 (Cumulative area) 


Net: cpuregs\[9\]\[24\]
  Pin: ANTENNA__12133__A1/DIODE (sky130_fd_sc_hd__diode_2)
    Layer: met2
      Partial area ratio:    3.29
      Required ratio:    0.00 (Gate area) 
      Partial area ratio:   16.95
      Required ratio: 3293.24 (Side area) 
      Cumulative area ratio:  100.04
      Required ratio:    0.00 (Cumulative area) 
      Cumulative area ratio:  518.69
      Required ratio:    0.00 (Cumulative side area) 

    Layer: met1
      Partial area ratio:    0.00
      Required ratio:    0.00 (Gate area) 
      Partial area ratio:    0.00
      Required ratio: 2773.88 (Side area) 
      Cumulative area ratio:    0.00
      Required ratio:    0.00 (Cumulative area) 
      Cumulative area ratio:    0.00
      Required ratio:    0.00 (Cumulative side area) 

    Layer: li1
      Partial area ratio:    0.00
      Required ratio:    0.00 (Gate area) 
      Partial area ratio:    0.00
      Required ratio:  270.62 (Side area) 
      Cumulative area ratio:    0.00
      Required ratio:    0.00 (Cumulative area) 
      Cumulative area ratio:    0.00
      Required ratio:    0.00 (Cumulative side area) 

    Via: M1M2_PR
      Partial area ratio:    0.05
      Required ratio:    6.00 (Gate area) 
      Cumulative area ratio:    0.12
      Required ratio:    0.00 (Cumulative area) 

    Via: L1M1_PR
      Partial area ratio:    0.07
      Required ratio:    3.00 (Gate area) 
      Cumulative area ratio:    0.07
      Required ratio:    0.00 (Cumulative area) 

  Pin: _12133_/A1 (sky130_fd_sc_hd__mux2_2)
    Layer: met2
      Partial area ratio:    3.29
      Required ratio:    0.00 (Gate area) 
      Partial area ratio:   16.95
      Required ratio: 3293.24 (Side area) 
      Cumulative area ratio:  100.04
      Required ratio:    0.00 (Cumulative area) 
      Cumulative area ratio:  518.69
      Required ratio:    0.00 (Cumulative side area) 

    Layer: met1
      Partial area ratio:   87.73
      Required ratio:    0.00 (Gate area) 
      Partial area ratio:  452.84
      Required ratio:  400.00 (Side area) (VIOLATED)
      Cumulative area ratio:   87.73
      Required ratio:    0.00 (Cumulative area) 
      Cumulative area ratio:  452.84
      Required ratio:    0.00 (Cumulative side area) 

    Layer: li1
      Partial area ratio:    0.00
      Required ratio:    0.00 (Gate area) 
      Partial area ratio:    0.00
      Required ratio:   75.00 (Side area) 
      Cumulative area ratio:    0.00
      Required ratio:    0.00 (Cumulative area) 
      Cumulative area ratio:    0.00
      Required ratio:    0.00 (Cumulative side area) 

    Via: M1M2_PR
      Partial area ratio:    0.28
      Required ratio:    6.00 (Gate area) 
      Cumulative area ratio:    0.46
      Required ratio:    0.00 (Cumulative area) 

    Via: L1M1_PR
      Partial area ratio:    0.18
      Required ratio:    3.00 (Gate area) 
      Cumulative area ratio:    0.18
      Required ratio:    0.00 (Cumulative area) 

  Pin: _15588_/A1 (sky130_fd_sc_hd__mux2_1)
    Layer: met2
      Partial area ratio:    3.29
      Required ratio:    0.00 (Gate area) 
      Partial area ratio:   16.95
      Required ratio: 3293.24 (Side area) 
      Cumulative area ratio:   12.31
      Required ratio:    0.00 (Cumulative area) 
      Cumulative area ratio:   65.85
      Required ratio:    0.00 (Cumulative side area) 

    Layer: met1
      Partial area ratio:    7.00
      Required ratio:    0.00 (Gate area) 
      Partial area ratio:   38.11
      Required ratio:  400.00 (Side area) 
      Cumulative area ratio:    7.00
      Required ratio:    0.00 (Cumulative area) 
      Cumulative area ratio:   38.11
      Required ratio:    0.00 (Cumulative side area) 

    Layer: li1
      Partial area ratio:    0.00
      Required ratio:    0.00 (Gate area) 
      Partial area ratio:    0.00
      Required ratio:   75.00 (Side area) 
      Cumulative area ratio:    0.00
      Required ratio:    0.00 (Cumulative area) 
      Cumulative area ratio:    0.00
      Required ratio:    0.00 (Cumulative side area) 

    Via: M1M2_PR
      Partial area ratio:    0.36
      Required ratio:    6.00 (Gate area) 
      Cumulative area ratio:    0.59
      Required ratio:    0.00 (Cumulative area) 

    Via: L1M1_PR
      Partial area ratio:    0.23
      Required ratio:    3.00 (Gate area) 
      Cumulative area ratio:    0.23
      Required ratio:    0.00 (Cumulative area) 

  Pin: ANTENNA__15588__A1/DIODE (sky130_fd_sc_hd__diode_2)
    Layer: met2
      Partial area ratio:    3.29
      Required ratio:    0.00 (Gate area) 
      Partial area ratio:   16.95
      Required ratio: 3293.24 (Side area) 
      Cumulative area ratio:    5.31
      Required ratio:    0.00 (Cumulative area) 
      Cumulative area ratio:   27.74
      Required ratio:    0.00 (Cumulative side area) 

    Layer: met1
      Partial area ratio:    2.02
      Required ratio:    0.00 (Gate area) 
      Partial area ratio:   10.79
      Required ratio: 2773.88 (Side area) 
      Cumulative area ratio:    2.02
      Required ratio:    0.00 (Cumulative area) 
      Cumulative area ratio:   10.79
      Required ratio:    0.00 (Cumulative side area) 

    Layer: li1
      Partial area ratio:    0.00
      Required ratio:    0.00 (Gate area) 
      Partial area ratio:    0.00
      Required ratio:  270.62 (Side area) 
      Cumulative area ratio:    0.00
      Required ratio:    0.00 (Cumulative area) 
      Cumulative area ratio:    0.00
      Required ratio:    0.00 (Cumulative side area) 

    Via: M1M2_PR
      Partial area ratio:    0.10
      Required ratio:    6.00 (Gate area) 
      Cumulative area ratio:    0.17
      Required ratio:    0.00 (Cumulative area) 

    Via: L1M1_PR
      Partial area ratio:    0.07
      Required ratio:    3.00 (Gate area) 
      Cumulative area ratio:    0.07
      Required ratio:    0.00 (Cumulative area) 

  Pin: _16755_/A1 (sky130_fd_sc_hd__mux2_1)
    Layer: met2
      Partial area ratio:    3.29
      Required ratio:    0.00 (Gate area) 
      Partial area ratio:   16.95
      Required ratio: 3293.24 (Side area) 
      Cumulative area ratio:    6.00
      Required ratio:    0.00 (Cumulative area) 
      Cumulative area ratio:   31.05
      Required ratio:    0.00 (Cumulative side area) 

    Layer: met1
      Partial area ratio:    2.72
      Required ratio:    0.00 (Gate area) 
      Partial area ratio:   14.11
      Required ratio: 2773.88 (Side area) 
      Cumulative area ratio:    2.72
      Required ratio:    0.00 (Cumulative area) 
      Cumulative area ratio:   14.11
      Required ratio:    0.00 (Cumulative side area) 

    Layer: li1
      Partial area ratio:    0.00
      Required ratio:    0.00 (Gate area) 
      Partial area ratio:    0.00
      Required ratio:   75.00 (Side area) 
      Cumulative area ratio:    0.00
      Required ratio:    0.00 (Cumulative area) 
      Cumulative area ratio:    0.00
      Required ratio:    0.00 (Cumulative side area) 

    Via: M1M2_PR
      Partial area ratio:    0.04
      Required ratio:    6.00 (Gate area) 
      Cumulative area ratio:    0.27
      Required ratio:    0.00 (Cumulative area) 

    Via: L1M1_PR
      Partial area ratio:    0.23
      Required ratio:    3.00 (Gate area) 
      Cumulative area ratio:    0.23
      Required ratio:    0.00 (Cumulative area) 

  Pin: ANTENNA__16755__A1/DIODE (sky130_fd_sc_hd__diode_2)
    Layer: met2
      Partial area ratio:    3.29
      Required ratio:    0.00 (Gate area) 
      Partial area ratio:   16.95
      Required ratio: 3293.24 (Side area) 
      Cumulative area ratio:    6.00
      Required ratio:    0.00 (Cumulative area) 
      Cumulative area ratio:   31.05
      Required ratio:    0.00 (Cumulative side area) 

    Layer: met1
      Partial area ratio:    2.72
      Required ratio:    0.00 (Gate area) 
      Partial area ratio:   14.11
      Required ratio: 2773.88 (Side area) 
      Cumulative area ratio:    2.72
      Required ratio:    0.00 (Cumulative area) 
      Cumulative area ratio:   14.11
      Required ratio:    0.00 (Cumulative side area) 

    Layer: li1
      Partial area ratio:    0.00
      Required ratio:    0.00 (Gate area) 
      Partial area ratio:    0.00
      Required ratio:  270.62 (Side area) 
      Cumulative area ratio:    0.00
      Required ratio:    0.00 (Cumulative area) 
      Cumulative area ratio:    0.00
      Required ratio:    0.00 (Cumulative side area) 

    Via: M1M2_PR
      Partial area ratio:    0.04
      Required ratio:    6.00 (Gate area) 
      Cumulative area ratio:    0.11
      Required ratio:    0.00 (Cumulative area) 

    Via: L1M1_PR
      Partial area ratio:    0.07
      Required ratio:    3.00 (Gate area) 
      Cumulative area ratio:    0.07
      Required ratio:    0.00 (Cumulative area) 


Net: net156
  Pin: ANTENNA__16330__A0/DIODE (sky130_fd_sc_hd__diode_2)
    Layer: met2
      Partial area ratio:    1.15
      Required ratio:    0.00 (Gate area) 
      Partial area ratio:    6.00
      Required ratio: 3125.96 (Side area) 
      Cumulative area ratio:    1.64
      Required ratio:    0.00 (Cumulative area) 
      Cumulative area ratio:    8.67
      Required ratio:    0.00 (Cumulative side area) 

    Layer: met1
      Partial area ratio:    0.49
      Required ratio:    0.00 (Gate area) 
      Partial area ratio:    2.67
      Required ratio: 2773.88 (Side area) 
      Cumulative area ratio:    0.49
      Required ratio:    0.00 (Cumulative area) 
      Cumulative area ratio:    2.67
      Required ratio:    0.00 (Cumulative side area) 

    Layer: li1
      Partial area ratio:    0.00
      Required ratio:    0.00 (Gate area) 
      Partial area ratio:    0.00
      Required ratio:  270.62 (Side area) 
      Cumulative area ratio:    0.00
      Required ratio:    0.00 (Cumulative area) 
      Cumulative area ratio:    0.00
      Required ratio:    0.00 (Cumulative side area) 

    Via: M1M2_PR
      Partial area ratio:    0.05
      Required ratio:    6.00 (Gate area) 
      Cumulative area ratio:    0.12
      Required ratio:    0.00 (Cumulative area) 

    Via: L1M1_PR
      Partial area ratio:    0.07
      Required ratio:    3.00 (Gate area) 
      Cumulative area ratio:    0.07
      Required ratio:    0.00 (Cumulative area) 

  Pin: _16330_/A0 (sky130_fd_sc_hd__mux2_1)
    Layer: met2
      Partial area ratio:    1.15
      Required ratio:    0.00 (Gate area) 
      Partial area ratio:    6.00
      Required ratio: 3125.96 (Side area) 
      Cumulative area ratio:  216.48
      Required ratio:    0.00 (Cumulative area) 
      Cumulative area ratio: 1087.33
      Required ratio:    0.00 (Cumulative side area) 

    Layer: met1
      Partial area ratio:  215.33
      Required ratio:    0.00 (Gate area) 
      Partial area ratio: 1081.33
      Required ratio:  400.00 (Side area) (VIOLATED)
      Cumulative area ratio:  215.33
      Required ratio:    0.00 (Cumulative area) 
      Cumulative area ratio: 1081.33
      Required ratio:    0.00 (Cumulative side area) 

    Layer: li1
      Partial area ratio:    0.00
      Required ratio:    0.00 (Gate area) 
      Partial area ratio:    0.00
      Required ratio:   75.00 (Side area) 
      Cumulative area ratio:    0.00
      Required ratio:    0.00 (Cumulative area) 
      Cumulative area ratio:    0.00
      Required ratio:    0.00 (Cumulative side area) 

    Via: M1M2_PR
      Partial area ratio:    0.36
      Required ratio:    6.00 (Gate area) 
      Cumulative area ratio:    0.59
      Required ratio:    0.00 (Cumulative area) 

    Via: L1M1_PR
      Partial area ratio:    0.23
      Required ratio:    3.00 (Gate area) 
      Cumulative area ratio:    0.23
      Required ratio:    0.00 (Cumulative area) 

  Pin: ANTENNA_output156_A/DIODE (sky130_fd_sc_hd__diode_2)
    Layer: met2
      Partial area ratio:    1.15
      Required ratio:    0.00 (Gate area) 
      Partial area ratio:    6.00
      Required ratio: 3125.96 (Side area) 
      Cumulative area ratio:  217.26
      Required ratio:    0.00 (Cumulative area) 
      Cumulative area ratio: 1091.53
      Required ratio:    0.00 (Cumulative side area) 

    Layer: met1
      Partial area ratio:    0.78
      Required ratio:    0.00 (Gate area) 
      Partial area ratio:    4.19
      Required ratio: 2773.88 (Side area) 
      Cumulative area ratio:    0.78
      Required ratio:    0.00 (Cumulative area) 
      Cumulative area ratio:    4.19
      Required ratio:    0.00 (Cumulative side area) 

    Layer: li1
      Partial area ratio:    0.00
      Required ratio:    0.00 (Gate area) 
      Partial area ratio:    0.00
      Required ratio:  270.62 (Side area) 
      Cumulative area ratio:    0.00
      Required ratio:    0.00 (Cumulative area) 
      Cumulative area ratio:    0.00
      Required ratio:    0.00 (Cumulative side area) 

    Via: M1M2_PR
      Partial area ratio:    0.03
      Required ratio:    6.00 (Gate area) 
      Cumulative area ratio:    0.10
      Required ratio:    0.00 (Cumulative area) 

    Via: L1M1_PR
      Partial area ratio:    0.07
      Required ratio:    3.00 (Gate area) 
      Cumulative area ratio:    0.07
      Required ratio:    0.00 (Cumulative area) 

  Pin: output156/A (sky130_fd_sc_hd__clkbuf_4)
    Layer: met2
      Partial area ratio:    1.15
      Required ratio:    0.00 (Gate area) 
      Partial area ratio:    6.00
      Required ratio: 3125.96 (Side area) 
      Cumulative area ratio:  217.26
      Required ratio:    0.00 (Cumulative area) 
      Cumulative area ratio: 1091.53
      Required ratio:    0.00 (Cumulative side area) 

    Layer: met1
      Partial area ratio:    0.78
      Required ratio:    0.00 (Gate area) 
      Partial area ratio:    4.19
      Required ratio: 2773.88 (Side area) 
      Cumulative area ratio:    0.78
      Required ratio:    0.00 (Cumulative area) 
      Cumulative area ratio:    4.19
      Required ratio:    0.00 (Cumulative side area) 

    Layer: li1
      Partial area ratio:    0.00
      Required ratio:    0.00 (Gate area) 
      Partial area ratio:    0.00
      Required ratio:   75.00 (Side area) 
      Cumulative area ratio:    0.00
      Required ratio:    0.00 (Cumulative area) 
      Cumulative area ratio:    0.00
      Required ratio:    0.00 (Cumulative side area) 

    Via: M1M2_PR
      Partial area ratio:    0.03
      Required ratio:    6.00 (Gate area) 
      Cumulative area ratio:    0.17
      Required ratio:    0.00 (Cumulative area) 

    Via: L1M1_PR
      Partial area ratio:    0.14
      Required ratio:    3.00 (Gate area) 
      Cumulative area ratio:    0.14
      Required ratio:    0.00 (Cumulative area) 


[INFO ANT-0002] Found 4 net violations.
[INFO ANT-0001] Found 4 pin violations.
