OpenROAD 41a51eaf4ca2171c92ff38afb91eb37bbd3f36da 
This program is licensed under the BSD-3 license. See the LICENSE file for details.
Components of this program may be licensed under more restrictive licenses which must be honored.
[INFO]: Reading ODB at '/openlane/designs/picorv32a/runs/hd_run/tmp/placement/7-global.odb'…
define_corners Slowest Typical Fastest
read_liberty -corner Slowest /home/avinash/.ciel/ciel/sky130/versions/0fe599b2afb6708d281543108caf8310912f54af/sky130A/libs.ref/sky130_fd_sc_hd/lib/sky130_fd_sc_hd__ss_100C_1v60.lib
read_liberty -corner Typical /home/avinash/.ciel/ciel/sky130/versions/0fe599b2afb6708d281543108caf8310912f54af/sky130A/libs.ref/sky130_fd_sc_hd/lib/sky130_fd_sc_hd__tt_025C_1v80.lib
read_liberty -corner Fastest /home/avinash/.ciel/ciel/sky130/versions/0fe599b2afb6708d281543108caf8310912f54af/sky130A/libs.ref/sky130_fd_sc_hd/lib/sky130_fd_sc_hd__ff_n40C_1v65.lib
Using 1e-12 for capacitance...
Using 1e+03 for resistance...
Using 1e-09 for time...
Using 1e+00 for voltage...
Using 1e-03 for current...
Using 1e-09 for power...
Using 1e-06 for distance...
Reading design constraints file at '/openlane/designs/picorv32a/runs/hd_run/tmp/floorplan/3-initial_fp.sdc'…
[INFO]: Setting RC values...
[INFO RSZ-0027] Inserted 34 input buffers.
[INFO RSZ-0028] Inserted 201 output buffers.
[INFO RSZ-0058] Using max wire length 4508um.
[INFO RSZ-0034] Found 10 slew violations.
[INFO RSZ-0035] Found 8 fanout violations.
[INFO RSZ-0038] Inserted 19 buffers in 18 nets.
[INFO RSZ-0039] Resized 9925 instances.
[INFO RSZ-0042] Inserted 106 tie sky130_fd_sc_hd__conb_1 instances.
Placement Analysis
---------------------------------
total displacement      31876.0 u
average displacement        2.1 u
max displacement           13.5 u
original HPWL          506064.2 u
legalized HPWL         535723.1 u
delta HPWL                    6 %

[INFO DPL-0020] Mirrored 3893 instances
[INFO DPL-0021] HPWL before          535723.1 u
[INFO DPL-0022] HPWL after           528266.7 u
[INFO DPL-0023] HPWL delta               -1.4 %
Setting global connections for newly added cells…
Writing OpenROAD database to '/openlane/designs/picorv32a/runs/hd_run/tmp/placement/9-resizer.odb'…
Writing netlist to '/openlane/designs/picorv32a/runs/hd_run/tmp/placement/9-resizer.nl.v'…
Writing powered netlist to '/openlane/designs/picorv32a/runs/hd_run/tmp/placement/9-resizer.pnl.v'…
Writing layout to '/openlane/designs/picorv32a/runs/hd_run/tmp/placement/9-resizer.def'…
Writing timing constraints to '/openlane/designs/picorv32a/runs/hd_run/tmp/placement/9-resizer.sdc'…
area_report

===========================================================================
report_design_area
============================================================================
Design area 109556 u^2 42% utilization.
area_report_end
