OpenROAD 41a51eaf4ca2171c92ff38afb91eb37bbd3f36da 
This program is licensed under the BSD-3 license. See the LICENSE file for details.
Components of this program may be licensed under more restrictive licenses which must be honored.
[INFO]: Reading ODB at '/openlane/designs/picorv32a/runs/hd_run/tmp/routing/21-diodes.odb'…
define_corners Typical
read_liberty -corner Typical /home/avinash/.ciel/ciel/sky130/versions/0fe599b2afb6708d281543108caf8310912f54af/sky130A/libs.ref/sky130_fd_sc_hd/lib/sky130_fd_sc_hd__tt_025C_1v80.lib
Using 1e-12 for capacitance...
Using 1e+03 for resistance...
Using 1e-09 for time...
Using 1e+00 for voltage...
Using 1e-03 for current...
Using 1e-09 for power...
Using 1e-06 for distance...
Reading design constraints file at '/openlane/designs/picorv32a/runs/hd_run/tmp/17-picorv32.sdc'…
Placement Analysis
---------------------------------
total displacement      35970.3 u
average displacement        1.6 u
max displacement           26.2 u
original HPWL          547942.2 u
legalized HPWL         564056.5 u
delta HPWL                    3 %

[INFO DPL-0020] Mirrored 6592 instances
[INFO DPL-0021] HPWL before          564056.5 u
[INFO DPL-0022] HPWL after           555712.1 u
[INFO DPL-0023] HPWL delta               -1.5 %
Setting global connections for newly added cells…
Writing OpenROAD database to '/openlane/designs/picorv32a/runs/hd_run/tmp/routing/./21-diodes_legalized.odb'…
Writing netlist to '/openlane/designs/picorv32a/runs/hd_run/tmp/routing/./21-diodes_legalized.nl.v'…
Writing powered netlist to '/openlane/designs/picorv32a/runs/hd_run/tmp/routing/./21-diodes_legalized.pnl.v'…
Writing layout to '/openlane/designs/picorv32a/runs/hd_run/tmp/routing/./21-diodes_legalized.def'…
