OpenROAD 41a51eaf4ca2171c92ff38afb91eb37bbd3f36da 
This program is licensed under the BSD-3 license. See the LICENSE file for details.
Components of this program may be licensed under more restrictive licenses which must be honored.
[INFO]: Reading ODB at '/openlane/designs/picorv32a/runs/hd_run/results/placement/picorv32.odb'…
define_corners Slowest Typical Fastest
read_liberty -corner Slowest /openlane/designs/picorv32a/runs/hd_run/tmp/cts/cts-slowest.lib
read_liberty -corner Typical /openlane/designs/picorv32a/runs/hd_run/tmp/cts/cts.lib
read_liberty -corner Fastest /openlane/designs/picorv32a/runs/hd_run/tmp/cts/cts-fastest.lib
Using 1e-12 for capacitance...
Using 1e+03 for resistance...
Using 1e-09 for time...
Using 1e+00 for voltage...
Using 1e-03 for current...
Using 1e-09 for power...
Using 1e-06 for distance...
Reading design constraints file at '/openlane/designs/picorv32a/runs/hd_run/tmp/placement/9-resizer.sdc'…
[INFO]: Setting RC values...
[INFO]: Configuring cts characterization...
[INFO]: Performing clock tree synthesis...
[INFO]: Looking for the following net(s): clk
[INFO]: Running Clock Tree Synthesis...
[INFO CTS-0049] Characterization buffer is: sky130_fd_sc_hd__clkbuf_8.
[INFO CTS-0038] Number of created patterns = 50000.
[INFO CTS-0038] Number of created patterns = 100000.
[INFO CTS-0039] Number of created patterns = 141984.
[INFO CTS-0084] Compiling LUT.
Min. len    Max. len    Min. cap    Max. cap    Min. slew   Max. slew
2           8           1           35          1           12          
[WARNING CTS-0043] 4896 wires are pure wire and no slew degradation.
TritonCTS forced slew degradation on these wires.
[INFO CTS-0046]     Number of wire segments: 141984.
[INFO CTS-0047]     Number of keys in characterization LUT: 1616.
[INFO CTS-0048]     Actual min input cap: 1.
[INFO CTS-0007] Net "clk" found for clock "clk".
[INFO CTS-0010]  Clock net "clk" has 1596 sinks.
[INFO CTS-0008] TritonCTS found 1 clock nets.
[INFO CTS-0097] Characterization used 2 buffer(s) types.
[INFO CTS-0027] Generating H-Tree topology for net clk.
[INFO CTS-0028]  Total number of sinks: 1596.
[INFO CTS-0029]  Sinks will be clustered in groups of up to 25 and with maximum cluster diameter of 50.0 um.
[INFO CTS-0030]  Number of static layers: 0.
[INFO CTS-0020]  Wire segment unit: 13000  dbu (13 um).
[INFO CTS-0019]  Total number of sinks after clustering: 218.
[INFO CTS-0024]  Normalized sink region: [(0.586538, 1.62154), (39.0932, 39.5446)].
[INFO CTS-0025]     Width:  38.5067.
[INFO CTS-0026]     Height: 37.9231.
 Level 1
    Direction: Horizontal
    Sinks per sub-region: 109
    Sub-region size: 19.2533 X 37.9231
[INFO CTS-0034]     Segment length (rounded): 10.
    Key: 4140 inSlew: 1 inCap: 2 outSlew: 2 load: 1 length: 8 delay: 1
    Key: 36 inSlew: 1 inCap: 1 outSlew: 2 load: 1 length: 2 delay: 1
 Level 2
    Direction: Vertical
    Sinks per sub-region: 55
    Sub-region size: 19.2533 X 18.9615
[INFO CTS-0034]     Segment length (rounded): 10.
    Key: 4143 inSlew: 2 inCap: 2 outSlew: 3 load: 1 length: 8 delay: 1
    Key: 2 inSlew: 3 inCap: 1 outSlew: 1 load: 1 length: 2 delay: 12
      location: 1.0 buffer: sky130_fd_sc_hd__clkbuf_8
 Level 3
    Direction: Horizontal
    Sinks per sub-region: 28
    Sub-region size: 9.6267 X 18.9615
[INFO CTS-0034]     Segment length (rounded): 4.
    Key: 237 inSlew: 1 inCap: 1 outSlew: 2 load: 1 length: 4 delay: 1
 Level 4
    Direction: Vertical
    Sinks per sub-region: 14
    Sub-region size: 9.6267 X 9.4808
[INFO CTS-0034]     Segment length (rounded): 4.
    Key: 237 inSlew: 1 inCap: 1 outSlew: 2 load: 1 length: 4 delay: 1
[INFO CTS-0032]  Stop criterion found. Max number of sinks is 15.
[INFO CTS-0035]  Number of sinks covered: 218.
[INFO CTS-0018]     Created 237 clock buffers.
[INFO CTS-0012]     Minimum number of buffers in the clock path: 3.
[INFO CTS-0013]     Maximum number of buffers in the clock path: 4.
[INFO CTS-0015]     Created 237 clock nets.
[INFO CTS-0016]     Fanout distribution for the current clock = 2:12, 3:9, 4:15, 5:18, 6:32, 7:30, 8:24, 9:31, 10:16, 11:16, 12:5, 13:9, 14:7, 15:3, 16:3, 17:2..
[INFO CTS-0017]     Max level of the clock tree: 4.
[INFO CTS-0098] Clock net "clk"
[INFO CTS-0099]  Sinks 1596
[INFO CTS-0100]  Leaf buffers 216
[INFO CTS-0101]  Average sink wire length 917.09 um
[INFO CTS-0102]  Path depth 3 - 4
[INFO]: Repairing long wires on clock nets...
[INFO RSZ-0058] Using max wire length 4508um.
Setting global connections for newly added cells…
Writing OpenROAD database to '/openlane/designs/picorv32a/runs/hd_run/results/cts/picorv32.odb'…
Writing layout to '/openlane/designs/picorv32a/runs/hd_run/results/cts/picorv32.def'…
Writing timing constraints to '/openlane/designs/picorv32a/runs/hd_run/results/cts/picorv32.sdc'…
[INFO]: Legalizing...
Placement Analysis
---------------------------------
total displacement       3333.2 u
average displacement        0.2 u
max displacement           10.1 u
original HPWL          543672.6 u
legalized HPWL         554089.0 u
delta HPWL                    2 %

[INFO DPL-0020] Mirrored 4059 instances
[INFO DPL-0021] HPWL before          554089.0 u
[INFO DPL-0022] HPWL after           545876.0 u
[INFO DPL-0023] HPWL delta               -1.5 %
Setting global connections for newly added cells…
Writing OpenROAD database to '/openlane/designs/picorv32a/runs/hd_run/results/cts/picorv32.odb'…
Writing layout to '/openlane/designs/picorv32a/runs/hd_run/results/cts/picorv32.def'…
Writing timing constraints to '/openlane/designs/picorv32a/runs/hd_run/results/cts/picorv32.sdc'…
cts_report
[INFO CTS-0003] Total number of Clock Roots: 1.
[INFO CTS-0004] Total number of Buffers Inserted: 237.
[INFO CTS-0005] Total number of Clock Subnets: 237.
[INFO CTS-0006] Total number of Sinks: 1596.
cts_report_end
